10 [4133073344] INFO perfrun.launcher <> - Launcher main begin
13 [4133073344] INFO perfrun.launcher <> - MessageCatalogInit finished
13 [4133073344] INFO perfrun.launcher <> - Launcher instance created
13 [4133073344] INFO perfrun.launcher <> - argc = 6; cmdline = /software/intel/oneapi_hpc_2022.1/vtune/2022.0.0/bin32/amplxe-runss -dump-vdso -r /home/mverhelle/Assignment2_mverhelle/vtune_result --tmp-dir /home/mverhelle/amplxe-tmp-mverhelle 
30 [4133073344] INFO perfrun.launcher <> - create msngr2::ICliToolContext
30 [4133073344] INFO perfrun.launcher <> - create file finder object
34 [4132399936] INFO perfrun.launcher <> - plugin [remoteplug] was disabled because it doesn't support the given collection type.
34 [4132399936] INFO perfrun.launcher <> - plugin [] was disabled because it doesn't support the given collection type.
34 [4132399936] INFO perfrun.vdso <> - dumping [vdso] pseudomodule
83 [4132399936] INFO perfrun.launcher <> - plugin [] was disabled because it doesn't support the given collection type.
83 [4132399936] INFO perfrun.launcher <> - plugin [] was disabled because it doesn't support the given collection type.
83 [4132399936] INFO perfrun.launcher <> - plugin [] was disabled because it doesn't support the given collection type.
83 [4132399936] INFO perfrun.launcher <> - plugin [] was disabled because it doesn't support the given collection type.
83 [4132399936] INFO perfrun.launcher <> - plugin [] was disabled because it doesn't support the given collection type.
83 [4132399936] INFO perfrun.launcher <> - plugin [] was disabled because it doesn't support the given collection type.
83 [4132399936] INFO perfrun.launcher <> - plugin [] was disabled because it doesn't support the given collection type.
83 [4132399936] INFO perfrun.launcher <> - plugin [] was disabled because it doesn't support the given collection type.
83 [4132399936] INFO perfrun.launcher <> - plugin [] was disabled because it doesn't support the given collection type.
83 [4132399936] INFO perfrun.launcher <> - plugin [] was disabled because it doesn't support the given collection type.
83 [4132399936] INFO perfrun.launcher <> - plugin [] was disabled because it doesn't support the given collection type.
83 [4132399936] INFO perfrun.launcher <> - plugin [] was disabled because it doesn't support the given collection type.
83 [4132399936] INFO perfrun.launcher <> - plugin [] was disabled because it doesn't support the given collection type.
83 [4132399936] INFO perfrun.launcher <> - plugin [] was disabled because it doesn't support the given collection type.
83 [4132399936] INFO perfrun.launcher <> - plugin [] was disabled because it doesn't support the given collection type.
83 [4132399936] INFO perfrun.launcher <> - plugin [] was disabled because it doesn't support the given collection type.
83 [4132399936] INFO perfrun.launcher <> - plugin [] was disabled because it doesn't support the given collection type.
83 [4132399936] INFO perfrun.launcher <> - plugin [] was disabled because it doesn't support the given collection type.
83 [4132399936] INFO perfrun.launcher <> - plugin [] was disabled because it doesn't support the given collection type.
83 [4132399936] INFO perfrun.launcher <> - plugin [] was disabled because it doesn't support the given collection type.
83 [4132399936] INFO perfrun.launcher <> - plugin [] was disabled because it doesn't support the given collection type.
83 [4132399936] INFO perfrun.launcher <> - plugin [] was disabled because it doesn't support the given collection type.
83 [4132399936] INFO perfrun.launcher <> - plugin [] was disabled because it doesn't support the given collection type.
83 [4132399936] INFO perfrun.launcher <> - plugin [] was disabled because it doesn't support the given collection type.
83 [4132399936] INFO perfrun.launcher <> - plugin [] was disabled because it doesn't support the given collection type.
83 [4133073344] INFO perfrun.launcher <> - Application exit code: 0
84 [4133073344] INFO perfrun.launcher <> - Exit code: 0
